<?xml version="1.0" encoding="UTF-8"?>
<testsuite xmlns:xsi="http://www.w3.org/2001/XMLSchema-instance" xsi:noNamespaceSchemaLocation="https://maven.apache.org/surefire/maven-surefire-plugin/xsd/surefire-test-report.xsd" name="com.example.AppTest" time="0.009" tests="0" errors="0" skipped="0" failures="0">
  <properties>
    <property name="java.specification.version" value="17"/>
    <property name="sun.cpu.isalist" value="amd64"/>
    <property name="sun.jnu.encoding" value="Cp1252"/>
    <property name="java.class.path" value="C:\Users\iepeh\Documentos\GitHub\compare-paychecks\target\test-classes;C:\Users\iepeh\Documentos\GitHub\compare-paychecks\target\classes;C:\Users\iepeh\.m2\repository\org\openjfx\javafx-controls\16\javafx-controls-16.jar;C:\Users\iepeh\.m2\repository\org\openjfx\javafx-controls\16\javafx-controls-16-win.jar;C:\Users\iepeh\.m2\repository\org\openjfx\javafx-graphics\16\javafx-graphics-16.jar;C:\Users\iepeh\.m2\repository\org\openjfx\javafx-graphics\16\javafx-graphics-16-win.jar;C:\Users\iepeh\.m2\repository\org\openjfx\javafx-base\16\javafx-base-16.jar;C:\Users\iepeh\.m2\repository\org\openjfx\javafx-base\16\javafx-base-16-win.jar;C:\Users\iepeh\.m2\repository\org\openjfx\javafx-fxml\16\javafx-fxml-16.jar;C:\Users\iepeh\.m2\repository\org\openjfx\javafx-fxml\16\javafx-fxml-16-win.jar;C:\Users\iepeh\.m2\repository\org\apache\pdfbox\pdfbox\2.0.27\pdfbox-2.0.27.jar;C:\Users\iepeh\.m2\repository\org\apache\pdfbox\fontbox\2.0.27\fontbox-2.0.27.jar;C:\Users\iepeh\.m2\repository\commons-logging\commons-logging\1.2\commons-logging-1.2.jar;"/>
    <property name="java.vm.vendor" value="Red Hat, Inc."/>
    <property name="sun.arch.data.model" value="64"/>
    <property name="user.variant" value=""/>
    <property name="java.vendor.url" value="https://access.redhat.com/"/>
    <property name="user.timezone" value="America/Sao_Paulo"/>
    <property name="os.name" value="Windows 11"/>
    <property name="java.vm.specification.version" value="17"/>
    <property name="sun.java.launcher" value="SUN_STANDARD"/>
    <property name="user.country" value="BR"/>
    <property name="sun.boot.library.path" value="C:\Program Files\RedHat\java-17-openjdk-17.0.6.0.10-1\bin"/>
    <property name="sun.java.command" value="C:\Users\iepeh\AppData\Local\Temp\surefire16388021413124308726\surefirebooter3203698081295243686.jar C:\Users\iepeh\AppData\Local\Temp\surefire16388021413124308726 2023-07-24T14-07-32_608-jvmRun1 surefire1813667741687088858tmp surefire_016323121471057152435tmp"/>
    <property name="jdk.debug" value="release"/>
    <property name="surefire.test.class.path" value="C:\Users\iepeh\Documentos\GitHub\compare-paychecks\target\test-classes;C:\Users\iepeh\Documentos\GitHub\compare-paychecks\target\classes;C:\Users\iepeh\.m2\repository\org\openjfx\javafx-controls\16\javafx-controls-16.jar;C:\Users\iepeh\.m2\repository\org\openjfx\javafx-controls\16\javafx-controls-16-win.jar;C:\Users\iepeh\.m2\repository\org\openjfx\javafx-graphics\16\javafx-graphics-16.jar;C:\Users\iepeh\.m2\repository\org\openjfx\javafx-graphics\16\javafx-graphics-16-win.jar;C:\Users\iepeh\.m2\repository\org\openjfx\javafx-base\16\javafx-base-16.jar;C:\Users\iepeh\.m2\repository\org\openjfx\javafx-base\16\javafx-base-16-win.jar;C:\Users\iepeh\.m2\repository\org\openjfx\javafx-fxml\16\javafx-fxml-16.jar;C:\Users\iepeh\.m2\repository\org\openjfx\javafx-fxml\16\javafx-fxml-16-win.jar;C:\Users\iepeh\.m2\repository\org\apache\pdfbox\pdfbox\2.0.27\pdfbox-2.0.27.jar;C:\Users\iepeh\.m2\repository\org\apache\pdfbox\fontbox\2.0.27\fontbox-2.0.27.jar;C:\Users\iepeh\.m2\repository\commons-logging\commons-logging\1.2\commons-logging-1.2.jar;"/>
    <property name="sun.cpu.endian" value="little"/>
    <property name="user.home" value="C:\Users\iepeh"/>
    <property name="user.language" value="pt"/>
    <property name="java.specification.vendor" value="Oracle Corporation"/>
    <property name="java.version.date" value="2023-01-17"/>
    <property name="java.home" value="C:\Program Files\RedHat\java-17-openjdk-17.0.6.0.10-1"/>
    <property name="file.separator" value="\"/>
    <property name="basedir" value="C:\Users\iepeh\Documentos\GitHub\compare-paychecks"/>
    <property name="java.vm.compressedOopsMode" value="32-bit"/>
    <property name="line.separator" value="&#10;"/>
    <property name="java.vm.specification.vendor" value="Oracle Corporation"/>
    <property name="java.specification.name" value="Java Platform API Specification"/>
    <property name="surefire.real.class.path" value="C:\Users\iepeh\AppData\Local\Temp\surefire16388021413124308726\surefirebooter3203698081295243686.jar"/>
    <property name="user.script" value=""/>
    <property name="sun.management.compiler" value="HotSpot 64-Bit Tiered Compilers"/>
    <property name="java.runtime.version" value="17.0.6+10-LTS"/>
    <property name="user.name" value="iepeh"/>
    <property name="path.separator" value=";"/>
    <property name="os.version" value="10.0"/>
    <property name="java.runtime.name" value="OpenJDK Runtime Environment"/>
    <property name="file.encoding" value="Cp1252"/>
    <property name="java.vm.name" value="OpenJDK 64-Bit Server VM"/>
    <property name="java.vendor.version" value="(Red_Hat-17.0.6.0+10-1)"/>
    <property name="localRepository" value="C:\Users\iepeh\.m2\repository"/>
    <property name="java.vendor.url.bug" value="https://bugzilla.redhat.com/enter_bug.cgi"/>
    <property name="java.io.tmpdir" value="C:\Users\iepeh\AppData\Local\Temp\"/>
    <property name="java.version" value="17.0.6"/>
    <property name="user.dir" value="C:\Users\iepeh\Documentos\GitHub\compare-paychecks"/>
    <property name="os.arch" value="amd64"/>
    <property name="java.vm.specification.name" value="Java Virtual Machine Specification"/>
    <property name="sun.os.patch.level" value=""/>
    <property name="native.encoding" value="Cp1252"/>
    <property name="java.library.path" value="C:\Program Files\RedHat\java-17-openjdk-17.0.6.0.10-1\bin;C:\WINDOWS\Sun\Java\bin;C:\WINDOWS\system32;C:\WINDOWS;C:\Program Files (x86)\Common Files\Oracle\Java\javapath;C:\WINDOWS\system32;C:\WINDOWS;C:\WINDOWS\System32\Wbem;C:\WINDOWS\System32\WindowsPowerShell\v1.0\;C:\WINDOWS\System32\OpenSSH\;C:\Program Files\Git\cmd;C:\Program Files\nodejs\;C:\Program Files\Docker\Docker\resources\bin;C:\Program Files\RedHat\java-17-openjdk-17.0.6.0.10-1\bin;C:\Program Files\RedHat\apache-maven-3.9.0\bin;C:\Users\iepeh\AppData\Local\Programs\Python\Python311\Scripts\;C:\Users\iepeh\AppData\Local\Programs\Python\Python311\;C:\Users\iepeh\AppData\Local\Microsoft\WindowsApps;C:\Users\iepeh\AppData\Local\Programs\Microsoft VS Code\bin;C:\Users\iepeh\AppData\Local\GitHubDesktop\bin;C:\Users\iepeh\AppData\Roaming\npm;C:\src\flutter\bin;C:\Program Files\heroku\bin;C:\Program Files\RedHat\java-17-openjdk-17.0.6.0.10-1;C:\Program Files\Java\apache-maven-3.9.0\bin;;."/>
    <property name="java.vm.info" value="mixed mode, sharing"/>
    <property name="java.vendor" value="Red Hat, Inc."/>
    <property name="java.vm.version" value="17.0.6+10-LTS"/>
    <property name="sun.io.unicode.encoding" value="UnicodeLittle"/>
    <property name="java.class.version" value="61.0"/>
  </properties>
</testsuite>